[debug] [2021-02-19T14:27:05.830Z] ----------------------------------------------------------------------
[debug] [2021-02-19T14:27:05.832Z] Command:       /usr/local/bin/node /usr/local/bin/firebase deploy
[debug] [2021-02-19T14:27:05.832Z] CLI Version:   9.2.2
[debug] [2021-02-19T14:27:05.832Z] Platform:      darwin
[debug] [2021-02-19T14:27:05.832Z] Node Version:  v12.16.3
[debug] [2021-02-19T14:27:05.834Z] Time:          Fri Feb 19 2021 19:57:05 GMT+0530 (India Standard Time)
[debug] [2021-02-19T14:27:05.834Z] ----------------------------------------------------------------------
[debug] [2021-02-19T14:27:05.834Z] 
[debug] [2021-02-19T14:27:05.842Z] > command requires scopes: ["email","openid","https://www.googleapis.com/auth/cloudplatformprojects.readonly","https://www.googleapis.com/auth/firebase","https://www.googleapis.com/auth/cloud-platform"]
[debug] [2021-02-19T14:27:05.843Z] > authorizing via signed-in user
[debug] [2021-02-19T14:27:05.843Z] [iam] checking project idleprogrammer-cce18 for permissions ["firebase.projects.get","firebasehosting.sites.update"]
[debug] [2021-02-19T14:27:05.846Z] >>> HTTP REQUEST POST https://cloudresourcemanager.googleapis.com/v1/projects/idleprogrammer-cce18:testIamPermissions  
 {"permissions":["firebase.projects.get","firebasehosting.sites.update"]}
[debug] [2021-02-19T14:27:08.137Z] <<< HTTP RESPONSE 200 {"content-type":"application/json; charset=UTF-8","vary":"X-Origin, Referer, Origin,Accept-Encoding","date":"Fri, 19 Feb 2021 14:27:07 GMT","server":"ESF","cache-control":"private","x-xss-protection":"0","x-frame-options":"SAMEORIGIN","x-content-type-options":"nosniff","server-timing":"gfet4t7; dur=1206","alt-svc":"h3-29=\":443\"; ma=2592000,h3-T051=\":443\"; ma=2592000,h3-Q050=\":443\"; ma=2592000,h3-Q046=\":443\"; ma=2592000,h3-Q043=\":443\"; ma=2592000,quic=\":443\"; ma=2592000; v=\"46,43\"","accept-ranges":"none","transfer-encoding":"chunked"}
[debug] [2021-02-19T14:27:08.141Z] > refreshing access token with scopes: []
[debug] [2021-02-19T14:27:08.141Z] >>> HTTP REQUEST POST https://www.googleapis.com/oauth2/v3/token  
 <request body omitted>
[debug] [2021-02-19T14:27:08.558Z] <<< HTTP RESPONSE 200 {"expires":"Mon, 01 Jan 1990 00:00:00 GMT","date":"Fri, 19 Feb 2021 14:27:08 GMT","cache-control":"no-cache, no-store, max-age=0, must-revalidate","pragma":"no-cache","content-type":"application/json; charset=utf-8","vary":"X-Origin, Referer, Origin,Accept-Encoding","server":"scaffolding on HTTPServer2","x-xss-protection":"0","x-frame-options":"SAMEORIGIN","x-content-type-options":"nosniff","alt-svc":"h3-29=\":443\"; ma=2592000,h3-T051=\":443\"; ma=2592000,h3-Q050=\":443\"; ma=2592000,h3-Q046=\":443\"; ma=2592000,h3-Q043=\":443\"; ma=2592000,quic=\":443\"; ma=2592000; v=\"46,43\"","accept-ranges":"none","transfer-encoding":"chunked"}
[debug] [2021-02-19T14:27:08.578Z] >>> [apiv2][query] GET https://firebase.googleapis.com/v1beta1/projects/idleprogrammer-cce18 [none]
[debug] [2021-02-19T14:27:38.585Z] Timeout reached making request to https://firebase.googleapis.com/v1beta1/projects/idleprogrammer-cce18
[debug] [2021-02-19T14:27:38.999Z] FirebaseError: Timeout reached making request to https://firebase.googleapis.com/v1beta1/projects/idleprogrammer-cce18
    at Client.doRequest (/usr/local/lib/node_modules/firebase-tools/lib/apiv2.js:192:23)
    at processTicksAndRejections (internal/process/task_queues.js:97:5)
[error] 
[error] Error: Failed to get Firebase project idleprogrammer-cce18. Please make sure the project exists and your account has permission to access it.
